command line: virt-resize --verbose --resize /dev/sda1=500M --expand /dev/sda2 /dev/fedora/ttpl003 /dev/fedora/tst030
[   0.0] Examining /dev/fedora/ttpl003
/dev/sda1:
	partition data: 1 1048576-125829119 (124780544 bytes)
	partition sector data: 2048-245759 (243712 sectors)
	target partition sector data: 0-0 (1 sectors)
	bootable: true
	partition ID: 0x83
	content: filesystem xfs (121278464 bytes)
	label: (none)
	GUID: (none)
/dev/sda2:
	partition data: 2 125829120-1296039935 (1170210816 bytes)
	partition sector data: 245760-2531327 (2285568 sectors)
	target partition sector data: 0-0 (1 sectors)
	bootable: false
	partition ID: 0x8e
	content: LVM PV (1166016512 bytes)
	label: (none)
	GUID: (none)
2 logical volumes found
/dev/tpl/root:
	content: filesystem xfs (1151336448 bytes)
/dev/tpl/swap:
	content: swap
**********

Summary of changes:

/dev/sda1: This partition will be resized from 119.0M to 500.0M.  The 
filesystem xfs on /dev/sda1 will be expanded using the ‘xfs_growfs’ 
method.

/dev/sda2: This partition will be resized from 1.1G to 4.5G.  The LVM PV on 
/dev/sda2 will be expanded using the ‘pvresize’ method.

**********
[   3.9] Setting up initial partition table on /dev/fedora/tst030
After calculate target partitions:
/dev/sda1:
	partition data: 1 1048576-125829119 (124780544 bytes)
	partition sector data: 2048-245759 (243712 sectors)
	target partition sector data: 2048-1026047 (1024000 sectors)
	bootable: true
	partition ID: 0x83
	content: filesystem xfs (121278464 bytes)
	label: (none)
	GUID: (none)
/dev/sda2:
	partition data: 2 125829120-1296039935 (1170210816 bytes)
	partition sector data: 245760-2531327 (2285568 sectors)
	target partition sector data: 1026048-10483327 (9457280 sectors)
	bootable: false
	partition ID: 0x8e
	content: LVM PV (1166016512 bytes)
	label: (none)
	GUID: (none)
[   5.3] Copying /dev/sda1
[   5.7] Copying /dev/sda2
[  13.5] Expanding /dev/sda1 using the ‘xfs_growfs’ method
[  13.9] Expanding /dev/sda2 using the ‘pvresize’ method

Resize operation completed with no errors.  Before deleting the old disk, 
carefully check that the resized disk boots and works correctly.
